18:54:59 INFO  : Registering command handlers for SDK TCF services
18:55:01 INFO  : Launching XSCT server: xsct.bat -interactive E:\A_Projet_Stage\NovelMedical_Intership_project\NovelMedical_Intership_project.sdk\temp_xsdb_launch_script.tcl
18:55:07 INFO  : XSCT server has started successfully.
18:55:07 INFO  : Successfully done setting XSCT server connection channel  
18:55:07 INFO  : Processing command line option -hwspec E:/A_Projet_Stage/NovelMedical_Intership_project/NovelMedical_Intership_project.sdk/design_1_wrapper.hdf.
18:55:07 INFO  : Successfully done setting SDK workspace  
19:36:58 INFO  : Connected to target on host '127.0.0.1' and port '3121'.
19:36:59 INFO  : 'targets -set -filter {jtag_cable_name =~ "Digilent Zed 210248AC886A" && level==0} -index 1' command is executed.
19:37:01 INFO  : FPGA configured successfully with bitstream "E:/A_Projet_Stage/NovelMedical_Intership_project/NovelMedical_Intership_project.sdk/design_1_wrapper_hw_platform_0/design_1_wrapper.bit"
19:39:07 INFO  : 'targets -set -filter {jtag_cable_name =~ "Digilent Zed 210248AC886A" && level==0} -index 1' command is executed.
19:39:07 INFO  : 'fpga -state' command is executed.
19:39:07 INFO  : Connected to target on host '127.0.0.1' and port '3121'.
19:39:08 INFO  : Jtag cable 'Digilent Zed 210248AC886A' is selected.
19:39:08 INFO  : 'jtag frequency' command is executed.
19:39:08 INFO  : Sourcing of 'E:/A_Projet_Stage/NovelMedical_Intership_project/NovelMedical_Intership_project.sdk/design_1_wrapper_hw_platform_0/ps7_init.tcl' is done.
19:39:08 INFO  : Context for 'APU' is selected.
19:39:08 INFO  : Hardware design information is loaded from 'E:/A_Projet_Stage/NovelMedical_Intership_project/NovelMedical_Intership_project.sdk/design_1_wrapper_hw_platform_0/system.hdf'.
19:39:08 INFO  : 'configparams force-mem-access 1' command is executed.
19:39:08 INFO  : Context for 'APU' is selected.
19:39:08 INFO  : 'stop' command is executed.
19:39:09 INFO  : 'ps7_init' command is executed.
19:39:09 INFO  : 'ps7_post_config' command is executed.
19:39:09 INFO  : Context for processor 'ps7_cortexa9_0' is selected.
19:39:09 INFO  : Processor reset is completed for 'ps7_cortexa9_0'.
19:39:09 INFO  : Context for processor 'ps7_cortexa9_0' is selected.
19:39:09 INFO  : The application 'E:/A_Projet_Stage/NovelMedical_Intership_project/NovelMedical_Intership_project.sdk/Application_V1/Debug/Application_V1.elf' is downloaded to processor 'ps7_cortexa9_0'.
19:39:09 INFO  : 'configparams force-mem-access 0' command is executed.
19:39:09 INFO  : ----------------XSDB Script----------------
connect -url tcp:127.0.0.1:3121
source E:/A_Projet_Stage/NovelMedical_Intership_project/NovelMedical_Intership_project.sdk/design_1_wrapper_hw_platform_0/ps7_init.tcl
targets -set -nocase -filter {name =~"APU*" && jtag_cable_name =~ "Digilent Zed 210248AC886A"} -index 0
loadhw -hw E:/A_Projet_Stage/NovelMedical_Intership_project/NovelMedical_Intership_project.sdk/design_1_wrapper_hw_platform_0/system.hdf -mem-ranges [list {0x40000000 0xbfffffff}]
configparams force-mem-access 1
targets -set -nocase -filter {name =~"APU*" && jtag_cable_name =~ "Digilent Zed 210248AC886A"} -index 0
stop
ps7_init
ps7_post_config
targets -set -nocase -filter {name =~ "ARM*#0" && jtag_cable_name =~ "Digilent Zed 210248AC886A"} -index 0
rst -processor
targets -set -nocase -filter {name =~ "ARM*#0" && jtag_cable_name =~ "Digilent Zed 210248AC886A"} -index 0
dow E:/A_Projet_Stage/NovelMedical_Intership_project/NovelMedical_Intership_project.sdk/Application_V1/Debug/Application_V1.elf
configparams force-mem-access 0
----------------End of Script----------------

19:39:10 INFO  : Context for processor 'ps7_cortexa9_0' is selected.
19:39:10 INFO  : 'con' command is executed.
19:39:10 INFO  : ----------------XSDB Script (After Launch)----------------
targets -set -nocase -filter {name =~ "ARM*#0" && jtag_cable_name =~ "Digilent Zed 210248AC886A"} -index 0
con
----------------End of Script----------------

19:39:10 INFO  : Disconnected from the channel tcfchan#1.
20:23:57 INFO  : 'targets -set -filter {jtag_cable_name =~ "Digilent Zed 210248AC886A" && level==0} -index 1' command is executed.
20:23:57 INFO  : 'fpga -state' command is executed.
20:23:57 INFO  : Connected to target on host '127.0.0.1' and port '3121'.
20:23:57 INFO  : Jtag cable 'Digilent Zed 210248AC886A' is selected.
20:23:57 INFO  : 'jtag frequency' command is executed.
20:23:57 INFO  : Sourcing of 'E:/A_Projet_Stage/NovelMedical_Intership_project/NovelMedical_Intership_project.sdk/design_1_wrapper_hw_platform_0/ps7_init.tcl' is done.
20:23:57 INFO  : Context for 'APU' is selected.
20:24:01 INFO  : Hardware design information is loaded from 'E:/A_Projet_Stage/NovelMedical_Intership_project/NovelMedical_Intership_project.sdk/design_1_wrapper_hw_platform_0/system.hdf'.
20:24:01 INFO  : 'configparams force-mem-access 1' command is executed.
20:24:01 INFO  : Context for 'APU' is selected.
20:24:02 INFO  : 'stop' command is executed.
20:24:02 INFO  : 'ps7_init' command is executed.
20:24:02 INFO  : 'ps7_post_config' command is executed.
20:24:02 INFO  : Context for processor 'ps7_cortexa9_0' is selected.
20:24:02 INFO  : Processor reset is completed for 'ps7_cortexa9_0'.
20:24:02 INFO  : Context for processor 'ps7_cortexa9_0' is selected.
20:24:03 INFO  : The application 'E:/A_Projet_Stage/NovelMedical_Intership_project/NovelMedical_Intership_project.sdk/Application_V1/Debug/Application_V1.elf' is downloaded to processor 'ps7_cortexa9_0'.
20:24:03 INFO  : 'configparams force-mem-access 0' command is executed.
20:24:03 INFO  : ----------------XSDB Script----------------
connect -url tcp:127.0.0.1:3121
source E:/A_Projet_Stage/NovelMedical_Intership_project/NovelMedical_Intership_project.sdk/design_1_wrapper_hw_platform_0/ps7_init.tcl
targets -set -nocase -filter {name =~"APU*" && jtag_cable_name =~ "Digilent Zed 210248AC886A"} -index 0
loadhw -hw E:/A_Projet_Stage/NovelMedical_Intership_project/NovelMedical_Intership_project.sdk/design_1_wrapper_hw_platform_0/system.hdf -mem-ranges [list {0x40000000 0xbfffffff}]
configparams force-mem-access 1
targets -set -nocase -filter {name =~"APU*" && jtag_cable_name =~ "Digilent Zed 210248AC886A"} -index 0
stop
ps7_init
ps7_post_config
targets -set -nocase -filter {name =~ "ARM*#0" && jtag_cable_name =~ "Digilent Zed 210248AC886A"} -index 0
rst -processor
targets -set -nocase -filter {name =~ "ARM*#0" && jtag_cable_name =~ "Digilent Zed 210248AC886A"} -index 0
dow E:/A_Projet_Stage/NovelMedical_Intership_project/NovelMedical_Intership_project.sdk/Application_V1/Debug/Application_V1.elf
configparams force-mem-access 0
----------------End of Script----------------

20:24:03 INFO  : Context for processor 'ps7_cortexa9_0' is selected.
20:24:03 INFO  : 'con' command is executed.
20:24:03 INFO  : ----------------XSDB Script (After Launch)----------------
targets -set -nocase -filter {name =~ "ARM*#0" && jtag_cable_name =~ "Digilent Zed 210248AC886A"} -index 0
con
----------------End of Script----------------

20:24:03 INFO  : Disconnected from the channel tcfchan#2.
20:42:21 INFO  : 'targets -set -filter {jtag_cable_name =~ "Digilent Zed 210248AC886A" && level==0} -index 1' command is executed.
20:42:21 INFO  : 'fpga -state' command is executed.
20:42:22 INFO  : Connected to target on host '127.0.0.1' and port '3121'.
20:42:22 INFO  : Jtag cable 'Digilent Zed 210248AC886A' is selected.
20:42:22 INFO  : 'jtag frequency' command is executed.
20:42:22 INFO  : Sourcing of 'E:/A_Projet_Stage/NovelMedical_Intership_project/NovelMedical_Intership_project.sdk/design_1_wrapper_hw_platform_0/ps7_init.tcl' is done.
20:42:22 INFO  : Context for 'APU' is selected.
20:42:26 INFO  : Hardware design information is loaded from 'E:/A_Projet_Stage/NovelMedical_Intership_project/NovelMedical_Intership_project.sdk/design_1_wrapper_hw_platform_0/system.hdf'.
20:42:26 INFO  : 'configparams force-mem-access 1' command is executed.
20:42:26 INFO  : Context for 'APU' is selected.
20:42:26 INFO  : 'stop' command is executed.
20:42:26 INFO  : 'ps7_init' command is executed.
20:42:26 INFO  : 'ps7_post_config' command is executed.
20:42:26 INFO  : Context for processor 'ps7_cortexa9_0' is selected.
20:42:26 INFO  : Processor reset is completed for 'ps7_cortexa9_0'.
20:42:27 INFO  : Context for processor 'ps7_cortexa9_0' is selected.
20:42:27 INFO  : The application 'E:/A_Projet_Stage/NovelMedical_Intership_project/NovelMedical_Intership_project.sdk/Application_V1/Debug/Application_V1.elf' is downloaded to processor 'ps7_cortexa9_0'.
20:42:27 INFO  : 'configparams force-mem-access 0' command is executed.
20:42:27 INFO  : ----------------XSDB Script----------------
connect -url tcp:127.0.0.1:3121
source E:/A_Projet_Stage/NovelMedical_Intership_project/NovelMedical_Intership_project.sdk/design_1_wrapper_hw_platform_0/ps7_init.tcl
targets -set -nocase -filter {name =~"APU*" && jtag_cable_name =~ "Digilent Zed 210248AC886A"} -index 0
loadhw -hw E:/A_Projet_Stage/NovelMedical_Intership_project/NovelMedical_Intership_project.sdk/design_1_wrapper_hw_platform_0/system.hdf -mem-ranges [list {0x40000000 0xbfffffff}]
configparams force-mem-access 1
targets -set -nocase -filter {name =~"APU*" && jtag_cable_name =~ "Digilent Zed 210248AC886A"} -index 0
stop
ps7_init
ps7_post_config
targets -set -nocase -filter {name =~ "ARM*#0" && jtag_cable_name =~ "Digilent Zed 210248AC886A"} -index 0
rst -processor
targets -set -nocase -filter {name =~ "ARM*#0" && jtag_cable_name =~ "Digilent Zed 210248AC886A"} -index 0
dow E:/A_Projet_Stage/NovelMedical_Intership_project/NovelMedical_Intership_project.sdk/Application_V1/Debug/Application_V1.elf
configparams force-mem-access 0
----------------End of Script----------------

20:42:27 INFO  : Context for processor 'ps7_cortexa9_0' is selected.
20:42:27 INFO  : 'con' command is executed.
20:42:27 INFO  : ----------------XSDB Script (After Launch)----------------
targets -set -nocase -filter {name =~ "ARM*#0" && jtag_cable_name =~ "Digilent Zed 210248AC886A"} -index 0
con
----------------End of Script----------------

20:42:27 INFO  : Disconnected from the channel tcfchan#3.
20:50:30 INFO  : 'targets -set -filter {jtag_cable_name =~ "Digilent Zed 210248AC886A" && level==0} -index 1' command is executed.
20:50:30 INFO  : 'fpga -state' command is executed.
20:50:30 INFO  : Connected to target on host '127.0.0.1' and port '3121'.
20:50:31 INFO  : Jtag cable 'Digilent Zed 210248AC886A' is selected.
20:50:31 INFO  : 'jtag frequency' command is executed.
20:50:31 INFO  : Sourcing of 'E:/A_Projet_Stage/NovelMedical_Intership_project/NovelMedical_Intership_project.sdk/design_1_wrapper_hw_platform_0/ps7_init.tcl' is done.
20:50:31 INFO  : Context for 'APU' is selected.
20:50:35 INFO  : Hardware design information is loaded from 'E:/A_Projet_Stage/NovelMedical_Intership_project/NovelMedical_Intership_project.sdk/design_1_wrapper_hw_platform_0/system.hdf'.
20:50:35 INFO  : 'configparams force-mem-access 1' command is executed.
20:50:35 INFO  : Context for 'APU' is selected.
20:50:35 INFO  : 'stop' command is executed.
20:50:36 INFO  : 'ps7_init' command is executed.
20:50:36 INFO  : 'ps7_post_config' command is executed.
20:50:36 INFO  : Context for processor 'ps7_cortexa9_0' is selected.
20:50:36 INFO  : Processor reset is completed for 'ps7_cortexa9_0'.
20:50:36 INFO  : Context for processor 'ps7_cortexa9_0' is selected.
20:50:36 INFO  : The application 'E:/A_Projet_Stage/NovelMedical_Intership_project/NovelMedical_Intership_project.sdk/Application_V1/Debug/Application_V1.elf' is downloaded to processor 'ps7_cortexa9_0'.
20:50:36 INFO  : 'configparams force-mem-access 0' command is executed.
20:50:36 INFO  : ----------------XSDB Script----------------
connect -url tcp:127.0.0.1:3121
source E:/A_Projet_Stage/NovelMedical_Intership_project/NovelMedical_Intership_project.sdk/design_1_wrapper_hw_platform_0/ps7_init.tcl
targets -set -nocase -filter {name =~"APU*" && jtag_cable_name =~ "Digilent Zed 210248AC886A"} -index 0
loadhw -hw E:/A_Projet_Stage/NovelMedical_Intership_project/NovelMedical_Intership_project.sdk/design_1_wrapper_hw_platform_0/system.hdf -mem-ranges [list {0x40000000 0xbfffffff}]
configparams force-mem-access 1
targets -set -nocase -filter {name =~"APU*" && jtag_cable_name =~ "Digilent Zed 210248AC886A"} -index 0
stop
ps7_init
ps7_post_config
targets -set -nocase -filter {name =~ "ARM*#0" && jtag_cable_name =~ "Digilent Zed 210248AC886A"} -index 0
rst -processor
targets -set -nocase -filter {name =~ "ARM*#0" && jtag_cable_name =~ "Digilent Zed 210248AC886A"} -index 0
dow E:/A_Projet_Stage/NovelMedical_Intership_project/NovelMedical_Intership_project.sdk/Application_V1/Debug/Application_V1.elf
configparams force-mem-access 0
----------------End of Script----------------

20:50:37 INFO  : Context for processor 'ps7_cortexa9_0' is selected.
20:50:37 INFO  : 'con' command is executed.
20:50:37 INFO  : ----------------XSDB Script (After Launch)----------------
targets -set -nocase -filter {name =~ "ARM*#0" && jtag_cable_name =~ "Digilent Zed 210248AC886A"} -index 0
con
----------------End of Script----------------

20:50:37 INFO  : Disconnected from the channel tcfchan#4.
20:52:09 INFO  : 'targets -set -filter {jtag_cable_name =~ "Digilent Zed 210248AC886A" && level==0} -index 1' command is executed.
20:52:09 INFO  : 'fpga -state' command is executed.
20:52:09 INFO  : Connected to target on host '127.0.0.1' and port '3121'.
20:52:10 INFO  : Jtag cable 'Digilent Zed 210248AC886A' is selected.
20:52:10 INFO  : 'jtag frequency' command is executed.
20:52:10 INFO  : Sourcing of 'E:/A_Projet_Stage/NovelMedical_Intership_project/NovelMedical_Intership_project.sdk/design_1_wrapper_hw_platform_0/ps7_init.tcl' is done.
20:52:10 INFO  : Context for 'APU' is selected.
20:52:14 INFO  : Hardware design information is loaded from 'E:/A_Projet_Stage/NovelMedical_Intership_project/NovelMedical_Intership_project.sdk/design_1_wrapper_hw_platform_0/system.hdf'.
20:52:14 INFO  : 'configparams force-mem-access 1' command is executed.
20:52:14 INFO  : Context for 'APU' is selected.
20:52:14 INFO  : 'stop' command is executed.
20:52:15 INFO  : 'ps7_init' command is executed.
20:52:15 INFO  : 'ps7_post_config' command is executed.
20:52:15 INFO  : Context for processor 'ps7_cortexa9_0' is selected.
20:52:15 INFO  : Processor reset is completed for 'ps7_cortexa9_0'.
20:52:15 INFO  : Context for processor 'ps7_cortexa9_0' is selected.
20:52:15 INFO  : The application 'E:/A_Projet_Stage/NovelMedical_Intership_project/NovelMedical_Intership_project.sdk/Application_V1/Debug/Application_V1.elf' is downloaded to processor 'ps7_cortexa9_0'.
20:52:15 INFO  : 'configparams force-mem-access 0' command is executed.
20:52:15 INFO  : ----------------XSDB Script----------------
connect -url tcp:127.0.0.1:3121
source E:/A_Projet_Stage/NovelMedical_Intership_project/NovelMedical_Intership_project.sdk/design_1_wrapper_hw_platform_0/ps7_init.tcl
targets -set -nocase -filter {name =~"APU*" && jtag_cable_name =~ "Digilent Zed 210248AC886A"} -index 0
loadhw -hw E:/A_Projet_Stage/NovelMedical_Intership_project/NovelMedical_Intership_project.sdk/design_1_wrapper_hw_platform_0/system.hdf -mem-ranges [list {0x40000000 0xbfffffff}]
configparams force-mem-access 1
targets -set -nocase -filter {name =~"APU*" && jtag_cable_name =~ "Digilent Zed 210248AC886A"} -index 0
stop
ps7_init
ps7_post_config
targets -set -nocase -filter {name =~ "ARM*#0" && jtag_cable_name =~ "Digilent Zed 210248AC886A"} -index 0
rst -processor
targets -set -nocase -filter {name =~ "ARM*#0" && jtag_cable_name =~ "Digilent Zed 210248AC886A"} -index 0
dow E:/A_Projet_Stage/NovelMedical_Intership_project/NovelMedical_Intership_project.sdk/Application_V1/Debug/Application_V1.elf
configparams force-mem-access 0
----------------End of Script----------------

20:52:15 INFO  : Context for processor 'ps7_cortexa9_0' is selected.
20:52:15 INFO  : 'con' command is executed.
20:52:15 INFO  : ----------------XSDB Script (After Launch)----------------
targets -set -nocase -filter {name =~ "ARM*#0" && jtag_cable_name =~ "Digilent Zed 210248AC886A"} -index 0
con
----------------End of Script----------------

20:52:15 INFO  : Disconnected from the channel tcfchan#5.
20:53:19 INFO  : 'targets -set -filter {jtag_cable_name =~ "Digilent Zed 210248AC886A" && level==0} -index 1' command is executed.
20:53:19 INFO  : 'fpga -state' command is executed.
20:53:19 INFO  : Connected to target on host '127.0.0.1' and port '3121'.
20:53:20 INFO  : Jtag cable 'Digilent Zed 210248AC886A' is selected.
20:53:20 INFO  : 'jtag frequency' command is executed.
20:53:20 INFO  : Sourcing of 'E:/A_Projet_Stage/NovelMedical_Intership_project/NovelMedical_Intership_project.sdk/design_1_wrapper_hw_platform_0/ps7_init.tcl' is done.
20:53:20 INFO  : Context for 'APU' is selected.
20:53:24 INFO  : Hardware design information is loaded from 'E:/A_Projet_Stage/NovelMedical_Intership_project/NovelMedical_Intership_project.sdk/design_1_wrapper_hw_platform_0/system.hdf'.
20:53:24 INFO  : 'configparams force-mem-access 1' command is executed.
20:53:24 INFO  : Context for 'APU' is selected.
20:53:24 INFO  : 'stop' command is executed.
20:53:24 INFO  : 'ps7_init' command is executed.
20:53:24 INFO  : 'ps7_post_config' command is executed.
20:53:24 INFO  : Context for processor 'ps7_cortexa9_0' is selected.
20:53:25 INFO  : Processor reset is completed for 'ps7_cortexa9_0'.
20:53:25 INFO  : Context for processor 'ps7_cortexa9_0' is selected.
20:53:25 INFO  : The application 'E:/A_Projet_Stage/NovelMedical_Intership_project/NovelMedical_Intership_project.sdk/Application_V1/Debug/Application_V1.elf' is downloaded to processor 'ps7_cortexa9_0'.
20:53:25 INFO  : 'configparams force-mem-access 0' command is executed.
20:53:25 INFO  : ----------------XSDB Script----------------
connect -url tcp:127.0.0.1:3121
source E:/A_Projet_Stage/NovelMedical_Intership_project/NovelMedical_Intership_project.sdk/design_1_wrapper_hw_platform_0/ps7_init.tcl
targets -set -nocase -filter {name =~"APU*" && jtag_cable_name =~ "Digilent Zed 210248AC886A"} -index 0
loadhw -hw E:/A_Projet_Stage/NovelMedical_Intership_project/NovelMedical_Intership_project.sdk/design_1_wrapper_hw_platform_0/system.hdf -mem-ranges [list {0x40000000 0xbfffffff}]
configparams force-mem-access 1
targets -set -nocase -filter {name =~"APU*" && jtag_cable_name =~ "Digilent Zed 210248AC886A"} -index 0
stop
ps7_init
ps7_post_config
targets -set -nocase -filter {name =~ "ARM*#0" && jtag_cable_name =~ "Digilent Zed 210248AC886A"} -index 0
rst -processor
targets -set -nocase -filter {name =~ "ARM*#0" && jtag_cable_name =~ "Digilent Zed 210248AC886A"} -index 0
dow E:/A_Projet_Stage/NovelMedical_Intership_project/NovelMedical_Intership_project.sdk/Application_V1/Debug/Application_V1.elf
configparams force-mem-access 0
----------------End of Script----------------

20:53:25 INFO  : Context for processor 'ps7_cortexa9_0' is selected.
20:53:25 INFO  : 'con' command is executed.
20:53:25 INFO  : ----------------XSDB Script (After Launch)----------------
targets -set -nocase -filter {name =~ "ARM*#0" && jtag_cable_name =~ "Digilent Zed 210248AC886A"} -index 0
con
----------------End of Script----------------

20:53:25 INFO  : Disconnected from the channel tcfchan#6.
20:54:12 INFO  : 'targets -set -filter {jtag_cable_name =~ "Digilent Zed 210248AC886A" && level==0} -index 1' command is executed.
20:54:12 INFO  : 'fpga -state' command is executed.
20:54:12 INFO  : Connected to target on host '127.0.0.1' and port '3121'.
20:54:13 INFO  : Jtag cable 'Digilent Zed 210248AC886A' is selected.
20:54:13 INFO  : 'jtag frequency' command is executed.
20:54:13 INFO  : Sourcing of 'E:/A_Projet_Stage/NovelMedical_Intership_project/NovelMedical_Intership_project.sdk/design_1_wrapper_hw_platform_0/ps7_init.tcl' is done.
20:54:13 INFO  : Context for 'APU' is selected.
20:54:17 INFO  : Hardware design information is loaded from 'E:/A_Projet_Stage/NovelMedical_Intership_project/NovelMedical_Intership_project.sdk/design_1_wrapper_hw_platform_0/system.hdf'.
20:54:17 INFO  : 'configparams force-mem-access 1' command is executed.
20:54:17 INFO  : Context for 'APU' is selected.
20:54:17 INFO  : 'stop' command is executed.
20:54:17 INFO  : 'ps7_init' command is executed.
20:54:17 INFO  : 'ps7_post_config' command is executed.
20:54:17 INFO  : Context for processor 'ps7_cortexa9_0' is selected.
20:54:17 INFO  : Processor reset is completed for 'ps7_cortexa9_0'.
20:54:18 INFO  : Context for processor 'ps7_cortexa9_0' is selected.
20:54:18 INFO  : The application 'E:/A_Projet_Stage/NovelMedical_Intership_project/NovelMedical_Intership_project.sdk/Application_V1/Debug/Application_V1.elf' is downloaded to processor 'ps7_cortexa9_0'.
20:54:18 INFO  : 'configparams force-mem-access 0' command is executed.
20:54:18 INFO  : ----------------XSDB Script----------------
connect -url tcp:127.0.0.1:3121
source E:/A_Projet_Stage/NovelMedical_Intership_project/NovelMedical_Intership_project.sdk/design_1_wrapper_hw_platform_0/ps7_init.tcl
targets -set -nocase -filter {name =~"APU*" && jtag_cable_name =~ "Digilent Zed 210248AC886A"} -index 0
loadhw -hw E:/A_Projet_Stage/NovelMedical_Intership_project/NovelMedical_Intership_project.sdk/design_1_wrapper_hw_platform_0/system.hdf -mem-ranges [list {0x40000000 0xbfffffff}]
configparams force-mem-access 1
targets -set -nocase -filter {name =~"APU*" && jtag_cable_name =~ "Digilent Zed 210248AC886A"} -index 0
stop
ps7_init
ps7_post_config
targets -set -nocase -filter {name =~ "ARM*#0" && jtag_cable_name =~ "Digilent Zed 210248AC886A"} -index 0
rst -processor
targets -set -nocase -filter {name =~ "ARM*#0" && jtag_cable_name =~ "Digilent Zed 210248AC886A"} -index 0
dow E:/A_Projet_Stage/NovelMedical_Intership_project/NovelMedical_Intership_project.sdk/Application_V1/Debug/Application_V1.elf
configparams force-mem-access 0
----------------End of Script----------------

20:54:18 INFO  : Context for processor 'ps7_cortexa9_0' is selected.
20:54:18 INFO  : 'con' command is executed.
20:54:18 INFO  : ----------------XSDB Script (After Launch)----------------
targets -set -nocase -filter {name =~ "ARM*#0" && jtag_cable_name =~ "Digilent Zed 210248AC886A"} -index 0
con
----------------End of Script----------------

20:54:18 INFO  : Disconnected from the channel tcfchan#7.
22:09:30 INFO  : 'targets -set -filter {jtag_cable_name =~ "Digilent Zed 210248AC886A" && level==0} -index 1' command is executed.
22:09:30 INFO  : 'fpga -state' command is executed.
22:09:43 INFO  : Connected to target on host '127.0.0.1' and port '3121'.
22:09:43 INFO  : 'targets -set -filter {jtag_cable_name =~ "Digilent Zed 210248AC886A" && level==0} -index 1' command is executed.
22:09:46 INFO  : FPGA configured successfully with bitstream "E:/A_Projet_Stage/NovelMedical_Intership_project/NovelMedical_Intership_project.sdk/design_1_wrapper_hw_platform_0/design_1_wrapper.bit"
22:09:56 INFO  : 'targets -set -filter {jtag_cable_name =~ "Digilent Zed 210248AC886A" && level==0} -index 1' command is executed.
22:09:56 INFO  : 'fpga -state' command is executed.
22:09:56 INFO  : Connected to target on host '127.0.0.1' and port '3121'.
22:09:56 INFO  : Jtag cable 'Digilent Zed 210248AC886A' is selected.
22:09:57 INFO  : 'jtag frequency' command is executed.
22:09:57 INFO  : Sourcing of 'E:/A_Projet_Stage/NovelMedical_Intership_project/NovelMedical_Intership_project.sdk/design_1_wrapper_hw_platform_0/ps7_init.tcl' is done.
22:09:57 INFO  : Context for 'APU' is selected.
22:09:57 INFO  : Hardware design information is loaded from 'E:/A_Projet_Stage/NovelMedical_Intership_project/NovelMedical_Intership_project.sdk/design_1_wrapper_hw_platform_0/system.hdf'.
22:09:57 INFO  : 'configparams force-mem-access 1' command is executed.
22:09:57 INFO  : Context for 'APU' is selected.
22:09:57 INFO  : 'stop' command is executed.
22:09:58 INFO  : 'ps7_init' command is executed.
22:09:58 INFO  : 'ps7_post_config' command is executed.
22:09:58 INFO  : Context for processor 'ps7_cortexa9_0' is selected.
22:09:58 INFO  : Processor reset is completed for 'ps7_cortexa9_0'.
22:09:58 INFO  : Context for processor 'ps7_cortexa9_0' is selected.
22:09:58 INFO  : The application 'E:/A_Projet_Stage/NovelMedical_Intership_project/NovelMedical_Intership_project.sdk/Application_V1/Debug/Application_V1.elf' is downloaded to processor 'ps7_cortexa9_0'.
22:09:58 INFO  : 'configparams force-mem-access 0' command is executed.
22:09:58 INFO  : ----------------XSDB Script----------------
connect -url tcp:127.0.0.1:3121
source E:/A_Projet_Stage/NovelMedical_Intership_project/NovelMedical_Intership_project.sdk/design_1_wrapper_hw_platform_0/ps7_init.tcl
targets -set -nocase -filter {name =~"APU*" && jtag_cable_name =~ "Digilent Zed 210248AC886A"} -index 0
loadhw -hw E:/A_Projet_Stage/NovelMedical_Intership_project/NovelMedical_Intership_project.sdk/design_1_wrapper_hw_platform_0/system.hdf -mem-ranges [list {0x40000000 0xbfffffff}]
configparams force-mem-access 1
targets -set -nocase -filter {name =~"APU*" && jtag_cable_name =~ "Digilent Zed 210248AC886A"} -index 0
stop
ps7_init
ps7_post_config
targets -set -nocase -filter {name =~ "ARM*#0" && jtag_cable_name =~ "Digilent Zed 210248AC886A"} -index 0
rst -processor
targets -set -nocase -filter {name =~ "ARM*#0" && jtag_cable_name =~ "Digilent Zed 210248AC886A"} -index 0
dow E:/A_Projet_Stage/NovelMedical_Intership_project/NovelMedical_Intership_project.sdk/Application_V1/Debug/Application_V1.elf
configparams force-mem-access 0
----------------End of Script----------------

22:09:58 INFO  : Context for processor 'ps7_cortexa9_0' is selected.
22:09:58 INFO  : 'con' command is executed.
22:09:58 INFO  : ----------------XSDB Script (After Launch)----------------
targets -set -nocase -filter {name =~ "ARM*#0" && jtag_cable_name =~ "Digilent Zed 210248AC886A"} -index 0
con
----------------End of Script----------------

22:09:58 INFO  : Disconnected from the channel tcfchan#8.
22:11:57 INFO  : 'targets -set -filter {jtag_cable_name =~ "Digilent Zed 210248AC886A" && level==0} -index 1' command is executed.
22:11:57 INFO  : 'fpga -state' command is executed.
22:11:57 INFO  : Connected to target on host '127.0.0.1' and port '3121'.
22:11:57 INFO  : Jtag cable 'Digilent Zed 210248AC886A' is selected.
22:11:57 INFO  : 'jtag frequency' command is executed.
22:11:57 INFO  : Sourcing of 'E:/A_Projet_Stage/NovelMedical_Intership_project/NovelMedical_Intership_project.sdk/design_1_wrapper_hw_platform_0/ps7_init.tcl' is done.
22:11:57 INFO  : Context for 'APU' is selected.
22:12:01 INFO  : Hardware design information is loaded from 'E:/A_Projet_Stage/NovelMedical_Intership_project/NovelMedical_Intership_project.sdk/design_1_wrapper_hw_platform_0/system.hdf'.
22:12:01 INFO  : 'configparams force-mem-access 1' command is executed.
22:12:01 INFO  : Context for 'APU' is selected.
22:12:01 INFO  : 'stop' command is executed.
22:12:01 INFO  : 'ps7_init' command is executed.
22:12:02 INFO  : 'ps7_post_config' command is executed.
22:12:02 INFO  : Context for processor 'ps7_cortexa9_0' is selected.
22:12:02 INFO  : Processor reset is completed for 'ps7_cortexa9_0'.
22:12:02 INFO  : Context for processor 'ps7_cortexa9_0' is selected.
22:12:02 INFO  : The application 'E:/A_Projet_Stage/NovelMedical_Intership_project/NovelMedical_Intership_project.sdk/Application_V1/Debug/Application_V1.elf' is downloaded to processor 'ps7_cortexa9_0'.
22:12:02 INFO  : 'configparams force-mem-access 0' command is executed.
22:12:02 INFO  : ----------------XSDB Script----------------
connect -url tcp:127.0.0.1:3121
source E:/A_Projet_Stage/NovelMedical_Intership_project/NovelMedical_Intership_project.sdk/design_1_wrapper_hw_platform_0/ps7_init.tcl
targets -set -nocase -filter {name =~"APU*" && jtag_cable_name =~ "Digilent Zed 210248AC886A"} -index 0
loadhw -hw E:/A_Projet_Stage/NovelMedical_Intership_project/NovelMedical_Intership_project.sdk/design_1_wrapper_hw_platform_0/system.hdf -mem-ranges [list {0x40000000 0xbfffffff}]
configparams force-mem-access 1
targets -set -nocase -filter {name =~"APU*" && jtag_cable_name =~ "Digilent Zed 210248AC886A"} -index 0
stop
ps7_init
ps7_post_config
targets -set -nocase -filter {name =~ "ARM*#0" && jtag_cable_name =~ "Digilent Zed 210248AC886A"} -index 0
rst -processor
targets -set -nocase -filter {name =~ "ARM*#0" && jtag_cable_name =~ "Digilent Zed 210248AC886A"} -index 0
dow E:/A_Projet_Stage/NovelMedical_Intership_project/NovelMedical_Intership_project.sdk/Application_V1/Debug/Application_V1.elf
configparams force-mem-access 0
----------------End of Script----------------

22:12:02 INFO  : Context for processor 'ps7_cortexa9_0' is selected.
22:12:02 INFO  : 'con' command is executed.
22:12:02 INFO  : ----------------XSDB Script (After Launch)----------------
targets -set -nocase -filter {name =~ "ARM*#0" && jtag_cable_name =~ "Digilent Zed 210248AC886A"} -index 0
con
----------------End of Script----------------

22:12:02 INFO  : Disconnected from the channel tcfchan#9.
22:12:14 INFO  : 'targets -set -filter {jtag_cable_name =~ "Digilent Zed 210248AC886A" && level==0} -index 1' command is executed.
22:12:14 INFO  : 'fpga -state' command is executed.
22:12:14 INFO  : Connected to target on host '127.0.0.1' and port '3121'.
22:12:14 INFO  : Jtag cable 'Digilent Zed 210248AC886A' is selected.
22:12:14 INFO  : 'jtag frequency' command is executed.
22:12:14 INFO  : Sourcing of 'E:/A_Projet_Stage/NovelMedical_Intership_project/NovelMedical_Intership_project.sdk/design_1_wrapper_hw_platform_0/ps7_init.tcl' is done.
22:12:14 INFO  : Context for 'APU' is selected.
22:12:18 INFO  : Hardware design information is loaded from 'E:/A_Projet_Stage/NovelMedical_Intership_project/NovelMedical_Intership_project.sdk/design_1_wrapper_hw_platform_0/system.hdf'.
22:12:18 INFO  : 'configparams force-mem-access 1' command is executed.
22:12:18 INFO  : Context for 'APU' is selected.
22:12:18 INFO  : 'stop' command is executed.
22:12:19 INFO  : 'ps7_init' command is executed.
22:12:19 INFO  : 'ps7_post_config' command is executed.
22:12:19 INFO  : Context for processor 'ps7_cortexa9_0' is selected.
22:12:19 INFO  : Processor reset is completed for 'ps7_cortexa9_0'.
22:12:19 INFO  : Context for processor 'ps7_cortexa9_0' is selected.
22:12:20 INFO  : The application 'E:/A_Projet_Stage/NovelMedical_Intership_project/NovelMedical_Intership_project.sdk/Application_V1/Debug/Application_V1.elf' is downloaded to processor 'ps7_cortexa9_0'.
22:12:20 INFO  : 'configparams force-mem-access 0' command is executed.
22:12:20 INFO  : ----------------XSDB Script----------------
connect -url tcp:127.0.0.1:3121
source E:/A_Projet_Stage/NovelMedical_Intership_project/NovelMedical_Intership_project.sdk/design_1_wrapper_hw_platform_0/ps7_init.tcl
targets -set -nocase -filter {name =~"APU*" && jtag_cable_name =~ "Digilent Zed 210248AC886A"} -index 0
loadhw -hw E:/A_Projet_Stage/NovelMedical_Intership_project/NovelMedical_Intership_project.sdk/design_1_wrapper_hw_platform_0/system.hdf -mem-ranges [list {0x40000000 0xbfffffff}]
configparams force-mem-access 1
targets -set -nocase -filter {name =~"APU*" && jtag_cable_name =~ "Digilent Zed 210248AC886A"} -index 0
stop
ps7_init
ps7_post_config
targets -set -nocase -filter {name =~ "ARM*#0" && jtag_cable_name =~ "Digilent Zed 210248AC886A"} -index 0
rst -processor
targets -set -nocase -filter {name =~ "ARM*#0" && jtag_cable_name =~ "Digilent Zed 210248AC886A"} -index 0
dow E:/A_Projet_Stage/NovelMedical_Intership_project/NovelMedical_Intership_project.sdk/Application_V1/Debug/Application_V1.elf
configparams force-mem-access 0
----------------End of Script----------------

22:12:20 INFO  : Context for processor 'ps7_cortexa9_0' is selected.
22:12:20 INFO  : 'con' command is executed.
22:12:20 INFO  : ----------------XSDB Script (After Launch)----------------
targets -set -nocase -filter {name =~ "ARM*#0" && jtag_cable_name =~ "Digilent Zed 210248AC886A"} -index 0
con
----------------End of Script----------------

22:12:20 INFO  : Disconnected from the channel tcfchan#10.
22:12:44 INFO  : 'targets -set -filter {jtag_cable_name =~ "Digilent Zed 210248AC886A" && level==0} -index 1' command is executed.
22:12:44 INFO  : 'fpga -state' command is executed.
22:12:44 INFO  : Connected to target on host '127.0.0.1' and port '3121'.
22:12:44 INFO  : Jtag cable 'Digilent Zed 210248AC886A' is selected.
22:12:44 INFO  : 'jtag frequency' command is executed.
22:12:45 INFO  : Sourcing of 'E:/A_Projet_Stage/NovelMedical_Intership_project/NovelMedical_Intership_project.sdk/design_1_wrapper_hw_platform_0/ps7_init.tcl' is done.
22:12:45 INFO  : Context for 'APU' is selected.
22:12:48 INFO  : Hardware design information is loaded from 'E:/A_Projet_Stage/NovelMedical_Intership_project/NovelMedical_Intership_project.sdk/design_1_wrapper_hw_platform_0/system.hdf'.
22:12:48 INFO  : 'configparams force-mem-access 1' command is executed.
22:12:48 INFO  : Context for 'APU' is selected.
22:12:48 INFO  : 'stop' command is executed.
22:12:49 INFO  : 'ps7_init' command is executed.
22:12:49 INFO  : 'ps7_post_config' command is executed.
22:12:49 INFO  : Context for processor 'ps7_cortexa9_0' is selected.
22:12:49 INFO  : Processor reset is completed for 'ps7_cortexa9_0'.
22:12:49 INFO  : Context for processor 'ps7_cortexa9_0' is selected.
22:12:50 INFO  : The application 'E:/A_Projet_Stage/NovelMedical_Intership_project/NovelMedical_Intership_project.sdk/Application_V1/Debug/Application_V1.elf' is downloaded to processor 'ps7_cortexa9_0'.
22:12:50 INFO  : 'configparams force-mem-access 0' command is executed.
22:12:50 INFO  : ----------------XSDB Script----------------
connect -url tcp:127.0.0.1:3121
source E:/A_Projet_Stage/NovelMedical_Intership_project/NovelMedical_Intership_project.sdk/design_1_wrapper_hw_platform_0/ps7_init.tcl
targets -set -nocase -filter {name =~"APU*" && jtag_cable_name =~ "Digilent Zed 210248AC886A"} -index 0
loadhw -hw E:/A_Projet_Stage/NovelMedical_Intership_project/NovelMedical_Intership_project.sdk/design_1_wrapper_hw_platform_0/system.hdf -mem-ranges [list {0x40000000 0xbfffffff}]
configparams force-mem-access 1
targets -set -nocase -filter {name =~"APU*" && jtag_cable_name =~ "Digilent Zed 210248AC886A"} -index 0
stop
ps7_init
ps7_post_config
targets -set -nocase -filter {name =~ "ARM*#0" && jtag_cable_name =~ "Digilent Zed 210248AC886A"} -index 0
rst -processor
targets -set -nocase -filter {name =~ "ARM*#0" && jtag_cable_name =~ "Digilent Zed 210248AC886A"} -index 0
dow E:/A_Projet_Stage/NovelMedical_Intership_project/NovelMedical_Intership_project.sdk/Application_V1/Debug/Application_V1.elf
configparams force-mem-access 0
----------------End of Script----------------

22:12:50 INFO  : Context for processor 'ps7_cortexa9_0' is selected.
22:12:50 INFO  : 'con' command is executed.
22:12:50 INFO  : ----------------XSDB Script (After Launch)----------------
targets -set -nocase -filter {name =~ "ARM*#0" && jtag_cable_name =~ "Digilent Zed 210248AC886A"} -index 0
con
----------------End of Script----------------

22:12:50 INFO  : Disconnected from the channel tcfchan#11.
22:13:07 INFO  : Connected to target on host '127.0.0.1' and port '3121'.
22:13:07 INFO  : 'targets -set -filter {jtag_cable_name =~ "Digilent Zed 210248AC886A" && level==0} -index 1' command is executed.
22:13:10 INFO  : FPGA configured successfully with bitstream "E:/A_Projet_Stage/NovelMedical_Intership_project/NovelMedical_Intership_project.sdk/design_1_wrapper_hw_platform_0/design_1_wrapper.bit"
22:13:16 INFO  : 'targets -set -filter {jtag_cable_name =~ "Digilent Zed 210248AC886A" && level==0} -index 1' command is executed.
22:13:16 INFO  : 'fpga -state' command is executed.
22:13:16 INFO  : Connected to target on host '127.0.0.1' and port '3121'.
22:13:17 INFO  : Jtag cable 'Digilent Zed 210248AC886A' is selected.
22:13:17 INFO  : 'jtag frequency' command is executed.
22:13:17 INFO  : Sourcing of 'E:/A_Projet_Stage/NovelMedical_Intership_project/NovelMedical_Intership_project.sdk/design_1_wrapper_hw_platform_0/ps7_init.tcl' is done.
22:13:17 INFO  : Context for 'APU' is selected.
22:13:17 INFO  : Hardware design information is loaded from 'E:/A_Projet_Stage/NovelMedical_Intership_project/NovelMedical_Intership_project.sdk/design_1_wrapper_hw_platform_0/system.hdf'.
22:13:17 INFO  : 'configparams force-mem-access 1' command is executed.
22:13:17 INFO  : Context for 'APU' is selected.
22:13:17 INFO  : 'stop' command is executed.
22:13:17 INFO  : 'ps7_init' command is executed.
22:13:17 INFO  : 'ps7_post_config' command is executed.
22:13:18 INFO  : Context for processor 'ps7_cortexa9_0' is selected.
22:13:18 INFO  : Processor reset is completed for 'ps7_cortexa9_0'.
22:13:18 INFO  : Context for processor 'ps7_cortexa9_0' is selected.
22:13:18 INFO  : The application 'E:/A_Projet_Stage/NovelMedical_Intership_project/NovelMedical_Intership_project.sdk/Application_V1/Debug/Application_V1.elf' is downloaded to processor 'ps7_cortexa9_0'.
22:13:18 INFO  : 'configparams force-mem-access 0' command is executed.
22:13:18 INFO  : ----------------XSDB Script----------------
connect -url tcp:127.0.0.1:3121
source E:/A_Projet_Stage/NovelMedical_Intership_project/NovelMedical_Intership_project.sdk/design_1_wrapper_hw_platform_0/ps7_init.tcl
targets -set -nocase -filter {name =~"APU*" && jtag_cable_name =~ "Digilent Zed 210248AC886A"} -index 0
loadhw -hw E:/A_Projet_Stage/NovelMedical_Intership_project/NovelMedical_Intership_project.sdk/design_1_wrapper_hw_platform_0/system.hdf -mem-ranges [list {0x40000000 0xbfffffff}]
configparams force-mem-access 1
targets -set -nocase -filter {name =~"APU*" && jtag_cable_name =~ "Digilent Zed 210248AC886A"} -index 0
stop
ps7_init
ps7_post_config
targets -set -nocase -filter {name =~ "ARM*#0" && jtag_cable_name =~ "Digilent Zed 210248AC886A"} -index 0
rst -processor
targets -set -nocase -filter {name =~ "ARM*#0" && jtag_cable_name =~ "Digilent Zed 210248AC886A"} -index 0
dow E:/A_Projet_Stage/NovelMedical_Intership_project/NovelMedical_Intership_project.sdk/Application_V1/Debug/Application_V1.elf
configparams force-mem-access 0
----------------End of Script----------------

22:13:18 INFO  : Context for processor 'ps7_cortexa9_0' is selected.
22:13:18 INFO  : 'con' command is executed.
22:13:18 INFO  : ----------------XSDB Script (After Launch)----------------
targets -set -nocase -filter {name =~ "ARM*#0" && jtag_cable_name =~ "Digilent Zed 210248AC886A"} -index 0
con
----------------End of Script----------------

22:13:18 INFO  : Disconnected from the channel tcfchan#12.
22:17:42 INFO  : 'targets -set -filter {jtag_cable_name =~ "Digilent Zed 210248AC886A" && level==0} -index 1' command is executed.
22:17:42 INFO  : 'fpga -state' command is executed.
22:17:42 INFO  : Connected to target on host '127.0.0.1' and port '3121'.
22:17:42 INFO  : Jtag cable 'Digilent Zed 210248AC886A' is selected.
22:17:42 INFO  : 'jtag frequency' command is executed.
22:17:42 INFO  : Sourcing of 'E:/A_Projet_Stage/NovelMedical_Intership_project/NovelMedical_Intership_project.sdk/design_1_wrapper_hw_platform_0/ps7_init.tcl' is done.
22:17:42 INFO  : Context for 'APU' is selected.
22:17:46 INFO  : Hardware design information is loaded from 'E:/A_Projet_Stage/NovelMedical_Intership_project/NovelMedical_Intership_project.sdk/design_1_wrapper_hw_platform_0/system.hdf'.
22:17:46 INFO  : 'configparams force-mem-access 1' command is executed.
22:17:46 INFO  : Context for 'APU' is selected.
22:17:46 INFO  : 'stop' command is executed.
22:17:46 INFO  : 'ps7_init' command is executed.
22:17:46 INFO  : 'ps7_post_config' command is executed.
22:17:46 INFO  : Context for processor 'ps7_cortexa9_0' is selected.
22:17:46 INFO  : Processor reset is completed for 'ps7_cortexa9_0'.
22:17:46 INFO  : Context for processor 'ps7_cortexa9_0' is selected.
22:17:47 INFO  : The application 'E:/A_Projet_Stage/NovelMedical_Intership_project/NovelMedical_Intership_project.sdk/Application_V1/Debug/Application_V1.elf' is downloaded to processor 'ps7_cortexa9_0'.
22:17:47 INFO  : 'configparams force-mem-access 0' command is executed.
22:17:47 INFO  : ----------------XSDB Script----------------
connect -url tcp:127.0.0.1:3121
source E:/A_Projet_Stage/NovelMedical_Intership_project/NovelMedical_Intership_project.sdk/design_1_wrapper_hw_platform_0/ps7_init.tcl
targets -set -nocase -filter {name =~"APU*" && jtag_cable_name =~ "Digilent Zed 210248AC886A"} -index 0
loadhw -hw E:/A_Projet_Stage/NovelMedical_Intership_project/NovelMedical_Intership_project.sdk/design_1_wrapper_hw_platform_0/system.hdf -mem-ranges [list {0x40000000 0xbfffffff}]
configparams force-mem-access 1
targets -set -nocase -filter {name =~"APU*" && jtag_cable_name =~ "Digilent Zed 210248AC886A"} -index 0
stop
ps7_init
ps7_post_config
targets -set -nocase -filter {name =~ "ARM*#0" && jtag_cable_name =~ "Digilent Zed 210248AC886A"} -index 0
rst -processor
targets -set -nocase -filter {name =~ "ARM*#0" && jtag_cable_name =~ "Digilent Zed 210248AC886A"} -index 0
dow E:/A_Projet_Stage/NovelMedical_Intership_project/NovelMedical_Intership_project.sdk/Application_V1/Debug/Application_V1.elf
configparams force-mem-access 0
----------------End of Script----------------

22:17:47 INFO  : Context for processor 'ps7_cortexa9_0' is selected.
22:17:47 INFO  : 'con' command is executed.
22:17:47 INFO  : ----------------XSDB Script (After Launch)----------------
targets -set -nocase -filter {name =~ "ARM*#0" && jtag_cable_name =~ "Digilent Zed 210248AC886A"} -index 0
con
----------------End of Script----------------

22:17:47 INFO  : Disconnected from the channel tcfchan#13.
22:19:43 INFO  : 'targets -set -filter {jtag_cable_name =~ "Digilent Zed 210248AC886A" && level==0} -index 1' command is executed.
22:19:43 INFO  : 'fpga -state' command is executed.
22:19:43 INFO  : Connected to target on host '127.0.0.1' and port '3121'.
22:19:43 INFO  : Jtag cable 'Digilent Zed 210248AC886A' is selected.
22:19:43 INFO  : 'jtag frequency' command is executed.
22:19:43 INFO  : Sourcing of 'E:/A_Projet_Stage/NovelMedical_Intership_project/NovelMedical_Intership_project.sdk/design_1_wrapper_hw_platform_0/ps7_init.tcl' is done.
22:19:43 INFO  : Context for 'APU' is selected.
22:19:46 INFO  : Hardware design information is loaded from 'E:/A_Projet_Stage/NovelMedical_Intership_project/NovelMedical_Intership_project.sdk/design_1_wrapper_hw_platform_0/system.hdf'.
22:19:46 INFO  : 'configparams force-mem-access 1' command is executed.
22:19:46 INFO  : Context for 'APU' is selected.
22:19:46 INFO  : 'stop' command is executed.
22:19:47 INFO  : 'ps7_init' command is executed.
22:19:47 INFO  : 'ps7_post_config' command is executed.
22:19:47 INFO  : Context for processor 'ps7_cortexa9_0' is selected.
22:19:47 INFO  : Processor reset is completed for 'ps7_cortexa9_0'.
22:19:47 INFO  : Context for processor 'ps7_cortexa9_0' is selected.
22:19:47 INFO  : The application 'E:/A_Projet_Stage/NovelMedical_Intership_project/NovelMedical_Intership_project.sdk/Application_V1/Debug/Application_V1.elf' is downloaded to processor 'ps7_cortexa9_0'.
22:19:47 INFO  : 'configparams force-mem-access 0' command is executed.
22:19:47 INFO  : ----------------XSDB Script----------------
connect -url tcp:127.0.0.1:3121
source E:/A_Projet_Stage/NovelMedical_Intership_project/NovelMedical_Intership_project.sdk/design_1_wrapper_hw_platform_0/ps7_init.tcl
targets -set -nocase -filter {name =~"APU*" && jtag_cable_name =~ "Digilent Zed 210248AC886A"} -index 0
loadhw -hw E:/A_Projet_Stage/NovelMedical_Intership_project/NovelMedical_Intership_project.sdk/design_1_wrapper_hw_platform_0/system.hdf -mem-ranges [list {0x40000000 0xbfffffff}]
configparams force-mem-access 1
targets -set -nocase -filter {name =~"APU*" && jtag_cable_name =~ "Digilent Zed 210248AC886A"} -index 0
stop
ps7_init
ps7_post_config
targets -set -nocase -filter {name =~ "ARM*#0" && jtag_cable_name =~ "Digilent Zed 210248AC886A"} -index 0
rst -processor
targets -set -nocase -filter {name =~ "ARM*#0" && jtag_cable_name =~ "Digilent Zed 210248AC886A"} -index 0
dow E:/A_Projet_Stage/NovelMedical_Intership_project/NovelMedical_Intership_project.sdk/Application_V1/Debug/Application_V1.elf
configparams force-mem-access 0
----------------End of Script----------------

22:19:48 INFO  : Context for processor 'ps7_cortexa9_0' is selected.
22:19:48 INFO  : 'con' command is executed.
22:19:48 INFO  : ----------------XSDB Script (After Launch)----------------
targets -set -nocase -filter {name =~ "ARM*#0" && jtag_cable_name =~ "Digilent Zed 210248AC886A"} -index 0
con
----------------End of Script----------------

22:19:48 INFO  : Disconnected from the channel tcfchan#14.
22:19:59 INFO  : 'targets -set -filter {jtag_cable_name =~ "Digilent Zed 210248AC886A" && level==0} -index 1' command is executed.
22:19:59 INFO  : 'fpga -state' command is executed.
22:19:59 INFO  : Connected to target on host '127.0.0.1' and port '3121'.
22:20:00 INFO  : Jtag cable 'Digilent Zed 210248AC886A' is selected.
22:20:00 INFO  : 'jtag frequency' command is executed.
22:20:00 INFO  : Sourcing of 'E:/A_Projet_Stage/NovelMedical_Intership_project/NovelMedical_Intership_project.sdk/design_1_wrapper_hw_platform_0/ps7_init.tcl' is done.
22:20:00 INFO  : Context for 'APU' is selected.
22:20:04 INFO  : Hardware design information is loaded from 'E:/A_Projet_Stage/NovelMedical_Intership_project/NovelMedical_Intership_project.sdk/design_1_wrapper_hw_platform_0/system.hdf'.
22:20:04 INFO  : 'configparams force-mem-access 1' command is executed.
22:20:04 INFO  : Context for 'APU' is selected.
22:20:04 INFO  : 'stop' command is executed.
22:20:05 INFO  : 'ps7_init' command is executed.
22:20:05 INFO  : 'ps7_post_config' command is executed.
22:20:05 INFO  : Context for processor 'ps7_cortexa9_0' is selected.
22:20:05 INFO  : Processor reset is completed for 'ps7_cortexa9_0'.
22:20:05 INFO  : Context for processor 'ps7_cortexa9_0' is selected.
22:20:05 INFO  : The application 'E:/A_Projet_Stage/NovelMedical_Intership_project/NovelMedical_Intership_project.sdk/Application_V1/Debug/Application_V1.elf' is downloaded to processor 'ps7_cortexa9_0'.
22:20:05 INFO  : 'configparams force-mem-access 0' command is executed.
22:20:05 INFO  : ----------------XSDB Script----------------
connect -url tcp:127.0.0.1:3121
source E:/A_Projet_Stage/NovelMedical_Intership_project/NovelMedical_Intership_project.sdk/design_1_wrapper_hw_platform_0/ps7_init.tcl
targets -set -nocase -filter {name =~"APU*" && jtag_cable_name =~ "Digilent Zed 210248AC886A"} -index 0
loadhw -hw E:/A_Projet_Stage/NovelMedical_Intership_project/NovelMedical_Intership_project.sdk/design_1_wrapper_hw_platform_0/system.hdf -mem-ranges [list {0x40000000 0xbfffffff}]
configparams force-mem-access 1
targets -set -nocase -filter {name =~"APU*" && jtag_cable_name =~ "Digilent Zed 210248AC886A"} -index 0
stop
ps7_init
ps7_post_config
targets -set -nocase -filter {name =~ "ARM*#0" && jtag_cable_name =~ "Digilent Zed 210248AC886A"} -index 0
rst -processor
targets -set -nocase -filter {name =~ "ARM*#0" && jtag_cable_name =~ "Digilent Zed 210248AC886A"} -index 0
dow E:/A_Projet_Stage/NovelMedical_Intership_project/NovelMedical_Intership_project.sdk/Application_V1/Debug/Application_V1.elf
configparams force-mem-access 0
----------------End of Script----------------

22:20:05 INFO  : Context for processor 'ps7_cortexa9_0' is selected.
22:20:05 INFO  : 'con' command is executed.
22:20:05 INFO  : ----------------XSDB Script (After Launch)----------------
targets -set -nocase -filter {name =~ "ARM*#0" && jtag_cable_name =~ "Digilent Zed 210248AC886A"} -index 0
con
----------------End of Script----------------

22:20:05 INFO  : Disconnected from the channel tcfchan#15.
22:20:24 INFO  : Connected to target on host '127.0.0.1' and port '3121'.
22:20:59 INFO  : Connected to target on host '127.0.0.1' and port '3121'.
22:21:00 INFO  : 'targets -set -filter {jtag_cable_name =~ "Digilent Zed 210248AC886A" && level==0} -index 1' command is executed.
22:21:03 INFO  : FPGA configured successfully with bitstream "E:/A_Projet_Stage/NovelMedical_Intership_project/NovelMedical_Intership_project.sdk/design_1_wrapper_hw_platform_0/design_1_wrapper.bit"
22:21:08 INFO  : 'targets -set -filter {jtag_cable_name =~ "Digilent Zed 210248AC886A" && level==0} -index 1' command is executed.
22:21:08 INFO  : 'fpga -state' command is executed.
22:21:08 INFO  : Connected to target on host '127.0.0.1' and port '3121'.
22:21:09 INFO  : Jtag cable 'Digilent Zed 210248AC886A' is selected.
22:21:09 INFO  : 'jtag frequency' command is executed.
22:21:09 INFO  : Sourcing of 'E:/A_Projet_Stage/NovelMedical_Intership_project/NovelMedical_Intership_project.sdk/design_1_wrapper_hw_platform_0/ps7_init.tcl' is done.
22:21:09 INFO  : Context for 'APU' is selected.
22:21:09 INFO  : Hardware design information is loaded from 'E:/A_Projet_Stage/NovelMedical_Intership_project/NovelMedical_Intership_project.sdk/design_1_wrapper_hw_platform_0/system.hdf'.
22:21:09 INFO  : 'configparams force-mem-access 1' command is executed.
22:21:09 INFO  : Context for 'APU' is selected.
22:21:09 INFO  : 'stop' command is executed.
22:21:10 INFO  : 'ps7_init' command is executed.
22:21:10 INFO  : 'ps7_post_config' command is executed.
22:21:10 INFO  : Context for processor 'ps7_cortexa9_0' is selected.
22:21:10 INFO  : Processor reset is completed for 'ps7_cortexa9_0'.
22:21:10 INFO  : Context for processor 'ps7_cortexa9_0' is selected.
22:21:10 INFO  : The application 'E:/A_Projet_Stage/NovelMedical_Intership_project/NovelMedical_Intership_project.sdk/Application_V1/Debug/Application_V1.elf' is downloaded to processor 'ps7_cortexa9_0'.
22:21:10 INFO  : 'configparams force-mem-access 0' command is executed.
22:21:10 INFO  : ----------------XSDB Script----------------
connect -url tcp:127.0.0.1:3121
source E:/A_Projet_Stage/NovelMedical_Intership_project/NovelMedical_Intership_project.sdk/design_1_wrapper_hw_platform_0/ps7_init.tcl
targets -set -nocase -filter {name =~"APU*" && jtag_cable_name =~ "Digilent Zed 210248AC886A"} -index 0
loadhw -hw E:/A_Projet_Stage/NovelMedical_Intership_project/NovelMedical_Intership_project.sdk/design_1_wrapper_hw_platform_0/system.hdf -mem-ranges [list {0x40000000 0xbfffffff}]
configparams force-mem-access 1
targets -set -nocase -filter {name =~"APU*" && jtag_cable_name =~ "Digilent Zed 210248AC886A"} -index 0
stop
ps7_init
ps7_post_config
targets -set -nocase -filter {name =~ "ARM*#0" && jtag_cable_name =~ "Digilent Zed 210248AC886A"} -index 0
rst -processor
targets -set -nocase -filter {name =~ "ARM*#0" && jtag_cable_name =~ "Digilent Zed 210248AC886A"} -index 0
dow E:/A_Projet_Stage/NovelMedical_Intership_project/NovelMedical_Intership_project.sdk/Application_V1/Debug/Application_V1.elf
configparams force-mem-access 0
----------------End of Script----------------

22:21:10 INFO  : Context for processor 'ps7_cortexa9_0' is selected.
22:21:10 INFO  : 'con' command is executed.
22:21:10 INFO  : ----------------XSDB Script (After Launch)----------------
targets -set -nocase -filter {name =~ "ARM*#0" && jtag_cable_name =~ "Digilent Zed 210248AC886A"} -index 0
con
----------------End of Script----------------

22:21:10 INFO  : Disconnected from the channel tcfchan#16.
